2025-04-10 13:36:58,708 DEBUG    root            Loaded Command Group: ['gcloud', 'components']
2025-04-10 13:36:58,710 DEBUG    root            Loaded Command Group: ['gcloud', 'components', 'update']
2025-04-10 13:36:58,711 DEBUG    root            Running [gcloud.components.update] with arguments: [--quiet: "True", COMPONENT-IDS:8: "['gcloud', 'core', 'bq', 'gsutil', 'compute', 'preview', 'alpha', 'beta']"]
2025-04-10 13:36:58,712 INFO     ___FILE_ONLY___ Beginning update. This process may take several minutes.

2025-04-10 13:36:58,721 DEBUG    urllib3.connectionpool Starting new HTTPS connection (1): dl.google.com:443
2025-04-10 13:36:58,918 DEBUG    urllib3.connectionpool https://dl.google.com:443 "GET /dl/cloudsdk/channels/rapid/components-2.json HTTP/11" 200 226135
2025-04-10 13:36:58,931 WARNING  root            Component [compute] no longer exists.
2025-04-10 13:36:58,932 INFO     ___FILE_ONLY___ 

2025-04-10 13:36:58,932 INFO     ___FILE_ONLY___ 
Your current Google Cloud CLI version is: 517.0.0

2025-04-10 13:36:58,932 INFO     ___FILE_ONLY___ Installing components from version: 517.0.0

2025-04-10 13:36:58,933 INFO     ___FILE_ONLY___ 

2025-04-10 13:36:58,933 DEBUG    root            Chosen display Format:table[box,title="These components will be removed."](details.display_name:label=Name:align=left,version.version_string:label=Version:align=right,data.size.size(zero="",min=1048576):label=Size:align=right)
2025-04-10 13:36:58,933 DEBUG    root            Chosen display Format:table[box,title="These components will be updated."](details.display_name:label=Name:align=left,version.version_string:label=Version:align=right,data.size.size(zero="",min=1048576):label=Size:align=right)
2025-04-10 13:36:58,934 DEBUG    root            Chosen display Format:table[box,title="These components will be installed."](details.display_name:label=Name:align=left,version.version_string:label=Version:align=right,data.size.size(zero="",min=1048576):label=Size:align=right)
2025-04-10 13:36:58,948 INFO     ___FILE_ONLY___ ┌────────────────────────────────────────────────┐
2025-04-10 13:36:58,948 INFO     ___FILE_ONLY___ 

2025-04-10 13:36:58,948 INFO     ___FILE_ONLY___ │      These components will be installed.       │
2025-04-10 13:36:58,948 INFO     ___FILE_ONLY___ 

2025-04-10 13:36:58,948 INFO     ___FILE_ONLY___ ├─────────────────────────┬────────────┬─────────┤
2025-04-10 13:36:58,948 INFO     ___FILE_ONLY___ 

2025-04-10 13:36:58,949 INFO     ___FILE_ONLY___ │           Name          │  Version   │   Size  │
2025-04-10 13:36:58,949 INFO     ___FILE_ONLY___ 

2025-04-10 13:36:58,949 INFO     ___FILE_ONLY___ ├─────────────────────────┼────────────┼─────────┤
2025-04-10 13:36:58,949 INFO     ___FILE_ONLY___ 

2025-04-10 13:36:58,949 INFO     ___FILE_ONLY___ │ 
2025-04-10 13:36:58,949 INFO     ___FILE_ONLY___ gcloud Alpha Commands  
2025-04-10 13:36:58,949 INFO     ___FILE_ONLY___  
2025-04-10 13:36:58,949 INFO     ___FILE_ONLY___ │ 
2025-04-10 13:36:58,949 INFO     ___FILE_ONLY___ 2025.03.29
2025-04-10 13:36:58,949 INFO     ___FILE_ONLY___  
2025-04-10 13:36:58,949 INFO     ___FILE_ONLY___ │ 
2025-04-10 13:36:58,949 INFO     ___FILE_ONLY___ < 1 MiB
2025-04-10 13:36:58,949 INFO     ___FILE_ONLY___  
2025-04-10 13:36:58,949 INFO     ___FILE_ONLY___ │
2025-04-10 13:36:58,949 INFO     ___FILE_ONLY___ 

2025-04-10 13:36:58,949 INFO     ___FILE_ONLY___ │ 
2025-04-10 13:36:58,949 INFO     ___FILE_ONLY___ gcloud Beta Commands   
2025-04-10 13:36:58,949 INFO     ___FILE_ONLY___  
2025-04-10 13:36:58,949 INFO     ___FILE_ONLY___ │ 
2025-04-10 13:36:58,949 INFO     ___FILE_ONLY___ 2025.03.29
2025-04-10 13:36:58,949 INFO     ___FILE_ONLY___  
2025-04-10 13:36:58,950 INFO     ___FILE_ONLY___ │ 
2025-04-10 13:36:58,950 INFO     ___FILE_ONLY___ < 1 MiB
2025-04-10 13:36:58,950 INFO     ___FILE_ONLY___  
2025-04-10 13:36:58,950 INFO     ___FILE_ONLY___ │
2025-04-10 13:36:58,950 INFO     ___FILE_ONLY___ 

2025-04-10 13:36:58,950 INFO     ___FILE_ONLY___ │ 
2025-04-10 13:36:58,950 INFO     ___FILE_ONLY___ gcloud Preview Commands
2025-04-10 13:36:58,950 INFO     ___FILE_ONLY___  
2025-04-10 13:36:58,950 INFO     ___FILE_ONLY___ │ 
2025-04-10 13:36:58,950 INFO     ___FILE_ONLY___           
2025-04-10 13:36:58,950 INFO     ___FILE_ONLY___  
2025-04-10 13:36:58,950 INFO     ___FILE_ONLY___ │ 
2025-04-10 13:36:58,950 INFO     ___FILE_ONLY___ < 1 MiB
2025-04-10 13:36:58,950 INFO     ___FILE_ONLY___  
2025-04-10 13:36:58,950 INFO     ___FILE_ONLY___ │
2025-04-10 13:36:58,950 INFO     ___FILE_ONLY___ 

2025-04-10 13:36:58,950 INFO     ___FILE_ONLY___ └─────────────────────────┴────────────┴─────────┘
2025-04-10 13:36:58,950 INFO     ___FILE_ONLY___ 

2025-04-10 13:36:58,950 INFO     ___FILE_ONLY___ 

2025-04-10 13:36:58,954 DEBUG    urllib3.connectionpool Starting new HTTPS connection (1): dl.google.com:443
2025-04-10 13:36:59,152 DEBUG    urllib3.connectionpool https://dl.google.com:443 "GET /dl/cloudsdk/channels/rapid/RELEASE_NOTES HTTP/11" 200 1390928
2025-04-10 13:37:00,631 INFO     ___FILE_ONLY___ For the latest full release notes, please visit:
  https://cloud.google.com/sdk/release_notes


2025-04-10 13:37:00,632 INFO     ___FILE_ONLY___ Performing in place update...


2025-04-10 13:37:00,634 INFO     ___FILE_ONLY___ ╔════════════════════════════════════════════════════════════╗

2025-04-10 13:37:00,634 INFO     ___FILE_ONLY___ ╠═ Downloading: gcloud Alpha Commands                       ═╣

2025-04-10 13:37:00,634 INFO     ___FILE_ONLY___ ╚
2025-04-10 13:37:00,637 DEBUG    urllib3.connectionpool Starting new HTTPS connection (1): dl.google.com:443
2025-04-10 13:37:01,781 DEBUG    urllib3.connectionpool https://dl.google.com:443 "GET /dl/cloudsdk/channels/rapid/components/google-cloud-sdk-alpha-20250329020432.tar.gz HTTP/11" 200 800
2025-04-10 13:37:01,782 INFO     ___FILE_ONLY___ ════════════════════════════════════════════════════════════
2025-04-10 13:37:01,782 INFO     ___FILE_ONLY___ ╝

2025-04-10 13:37:01,784 INFO     ___FILE_ONLY___ ╔════════════════════════════════════════════════════════════╗

2025-04-10 13:37:01,784 INFO     ___FILE_ONLY___ ╠═ Downloading: gcloud Beta Commands                        ═╣

2025-04-10 13:37:01,784 INFO     ___FILE_ONLY___ ╚
2025-04-10 13:37:01,787 DEBUG    urllib3.connectionpool Starting new HTTPS connection (1): dl.google.com:443
2025-04-10 13:37:02,347 DEBUG    urllib3.connectionpool https://dl.google.com:443 "GET /dl/cloudsdk/channels/rapid/components/google-cloud-sdk-beta-20250329020432.tar.gz HTTP/11" 200 797
2025-04-10 13:37:02,348 INFO     ___FILE_ONLY___ ════════════════════════════════════════════════════════════
2025-04-10 13:37:02,348 INFO     ___FILE_ONLY___ ╝

2025-04-10 13:37:02,350 INFO     ___FILE_ONLY___ ╔════════════════════════════════════════════════════════════╗

2025-04-10 13:37:02,350 INFO     ___FILE_ONLY___ ╠═ Downloading: gcloud Preview Commands                     ═╣

2025-04-10 13:37:02,350 INFO     ___FILE_ONLY___ ╚
2025-04-10 13:37:02,354 DEBUG    urllib3.connectionpool Starting new HTTPS connection (1): dl.google.com:443
2025-04-10 13:37:02,576 DEBUG    urllib3.connectionpool https://dl.google.com:443 "GET /dl/cloudsdk/channels/rapid/components/google-cloud-sdk-preview-20241115154308.tar.gz HTTP/11" 200 823
2025-04-10 13:37:02,577 INFO     ___FILE_ONLY___ ════════════════════════════════════════════════════════════
2025-04-10 13:37:02,577 INFO     ___FILE_ONLY___ ╝

2025-04-10 13:37:02,579 INFO     ___FILE_ONLY___ ╔════════════════════════════════════════════════════════════╗

2025-04-10 13:37:02,579 INFO     ___FILE_ONLY___ ╠═ Installing: gcloud Alpha Commands                        ═╣

2025-04-10 13:37:02,579 INFO     ___FILE_ONLY___ ╚
2025-04-10 13:37:02,580 INFO     ___FILE_ONLY___ ════════════════════════════════════════════════════════════
2025-04-10 13:37:02,580 INFO     ___FILE_ONLY___ ╝

2025-04-10 13:37:02,585 INFO     ___FILE_ONLY___ ╔════════════════════════════════════════════════════════════╗

2025-04-10 13:37:02,585 INFO     ___FILE_ONLY___ ╠═ Installing: gcloud Beta Commands                         ═╣

2025-04-10 13:37:02,585 INFO     ___FILE_ONLY___ ╚
2025-04-10 13:37:02,586 INFO     ___FILE_ONLY___ ════════════════════════════════════════════════════════════
2025-04-10 13:37:02,586 INFO     ___FILE_ONLY___ ╝

2025-04-10 13:37:02,591 INFO     ___FILE_ONLY___ ╔════════════════════════════════════════════════════════════╗

2025-04-10 13:37:02,591 INFO     ___FILE_ONLY___ ╠═ Installing: gcloud Preview Commands                      ═╣

2025-04-10 13:37:02,591 INFO     ___FILE_ONLY___ ╚
2025-04-10 13:37:02,592 INFO     ___FILE_ONLY___ ════════════════════════════════════════════════════════════
2025-04-10 13:37:02,592 INFO     ___FILE_ONLY___ ╝

2025-04-10 13:37:02,597 DEBUG    root            Updating notification cache...
2025-04-10 13:37:02,597 INFO     ___FILE_ONLY___ 

2025-04-10 13:37:02,599 INFO     ___FILE_ONLY___ Performing post processing steps...
2025-04-10 13:37:02,599 DEBUG    root            Executing command: ['/tools/google-cloud-sdk/bin/gcloud', 'components', 'post-process']
2025-04-10 13:37:10,647 DEBUG    ___FILE_ONLY___ 
2025-04-10 13:37:10,647 DEBUG    ___FILE_ONLY___ 
2025-04-10 13:37:10,874 INFO     root            descriptor_list: [{'universeDomain': 'googleapis.com', 'universeShortName': '', 'authenticationDomain': 'auth.cloud.google.com', 'projectPrefix': '', 'cloudWebDomain': 'cloud.google.com', 'documentationDomain': 'cloud.google.com', 'version': '1.0.0', 'state': 'primary', 'artifactRegistryDomain': 'pkg.dev'}]
2025-04-10 13:37:10,875 INFO     ___FILE_ONLY___ 
Update done!


2025-04-10 13:37:10,877 DEBUG    root            Chosen display Format:none
2025-04-10 13:37:10,877 INFO     root            Display format: "none"
